<?xml version="1.0" encoding="UTF-8"?>
<!-- Generated by org.testng.reporters.JUnitReportReporter -->
<testsuite hostname="DESKTOP-26VH0J8" failures="0" tests="2" name="UIAutomation.SubmitOrder" time="99.657" errors="0" timestamp="2024-03-20T17:40:53 IST" skipped="0">
  <testcase classname="UIAutomation.SubmitOrder" name="submitOrder" time="66.136"/>
  <testcase classname="UIAutomation.SubmitOrder" name="verifyProductInOrderList" time="33.521"/>
</testsuite> <!-- UIAutomation.SubmitOrder -->
