<?xml version="1.0" encoding="UTF-8"?>
<!-- Generated by org.testng.reporters.JUnitReportReporter -->
<testsuite hostname="DESKTOP-26VH0J8" failures="0" tests="2" name="UIAutomation.SubmitOrderTest" time="101.340" errors="0" timestamp="2024-03-21T17:40:11 IST" skipped="0">
  <testcase classname="UIAutomation.SubmitOrderTest" name="submitOrder" time="51.393"/>
  <testcase classname="UIAutomation.SubmitOrderTest" name="verifyProductInOrderList" time="49.947"/>
</testsuite> <!-- UIAutomation.SubmitOrderTest -->
